<?xml version="1.0" encoding="UTF-8"?>
<ns0:Response xmlns:ns0="urn:oasis:names:tc:SAML:2.0:protocol"
    xmlns:ns1="urn:oasis:names:tc:SAML:2.0:assertion"
    xmlns:ns2="http://www.w3.org/2000/09/xmldsig#"
    xmlns:xsi="http://www.w3.org/2001/XMLSchema-instance" Destination="http://test.ckan.net/acs" ID="id-5YErkI4aniItWaXn4" InResponseTo="id12" IssueInstant="2021-01-15T19:24:09Z" Version="2.0">
    <ns1:Issuer Format="urn:oasis:names:tc:SAML:2.0:nameid-format:entity">urn:gov:gsa:SAML:2.0.profiles:sp:sso:test:entity</ns1:Issuer>
    <ns2:Signature Id="Signature1">
        <ns2:SignedInfo>
            <ns2:CanonicalizationMethod Algorithm="http://www.w3.org/2001/10/xml-exc-c14n#"/>
            <ns2:SignatureMethod Algorithm="http://www.w3.org/2001/04/xmldsig-more#rsa-sha256"/>
            <ns2:Reference URI="#id-5YErkI4aniItWaXn4">
                <ns2:Transforms>
                    <ns2:Transform Algorithm="http://www.w3.org/2000/09/xmldsig#enveloped-signature"/>
                    <ns2:Transform Algorithm="http://www.w3.org/2001/10/xml-exc-c14n#"/>
                </ns2:Transforms>
                <ns2:DigestMethod Algorithm="http://www.w3.org/2001/04/xmlenc#sha256"/>
                <ns2:DigestValue>61ljft1X0eYnJmhlF2zFE7Guwxfn56mZQkKz6wRMLxg=</ns2:DigestValue>
            </ns2:Reference>
        </ns2:SignedInfo>
        <ns2:SignatureValue>FeIuwIrarxsQI9g4ipHmbDcBG8RgzsTkZUzPA5zIarfi269z0AwJnrEROElsd2Z6 JoZRsh8jGWPHMkWNvmZl/QdQ0ha2l8ibCYPDOs/l5lMorXUi/SA7fwB7r4IF0w83 7NBXRF8RYK/5pRq8nr0k8kjc3pRLpVNxsdCLtFyE3WU=</ns2:SignatureValue>
        <ns2:KeyInfo>
            <ns2:X509Data>
                <ns2:X509Certificate>MIICQTCCAaoCAQEwDQYJKoZIhvcNAQELBQAwaTELMAkGA1UEBhMCc2UxCzAJBgNVBAgMAmFjMQ0wCwYDVQQHDAR1bWVhMRgwFgYDVQQKDA9UZXN0IFVuaXZlcnNpdHkxDTALBgNVBAsMBERlY2ExFTATBgNVBAMMDGxvY2FsaG9zdC5jYTAeFw0yMTAxMTUxOTI0MDlaFw0yMTAxMTUxOTI0MTBaMGkxCzAJBgNVBAYTAnNlMQswCQYDVQQIDAJhYzENMAsGA1UEBwwEdW1lYTEYMBYGA1UECgwPVGVzdCBVbml2ZXJzaXR5MQ0wCwYDVQQLDAREZWNhMRUwEwYDVQQDDAxsb2NhbGhvc3QuY2EwgZ8wDQYJKoZIhvcNAQEBBQADgY0AMIGJAoGBAJhQJRLBZHIqdd410PIpZ6FR52+Qwp6HPN+PTGw2z0+QAAA4prKgO36DiJLdnooBxYKGjGU3SMQ+KmWoTW+5ryd31Nv0q1H0QhtIig7FEGJEHsm+Qwvy879deF8JbmwapO7Fso9xHQPdmb/MY9QSsm6qAQKsB28HXH1OEsdLgwi3AgMBAAEwDQYJKoZIhvcNAQELBQADgYEABPb1Lnn5/B7EvXX1svM+MukIA37h0zGFUvKBugnNeWla1YE2ktlX0ZHo72rHefjzCD7QxCOTVur6+DhkcmHf8BEWbdaWjqQOviO41PKR8t1fqbg6LbpxxCsGqHtzV6wllj8lEKoU5I9n0DTG8YPQi7I+e1EFdpi9WuRgbk28KFc=</ns2:X509Certificate>
            </ns2:X509Data>
        </ns2:KeyInfo>
    </ns2:Signature>
    <ns0:Status>
        <ns0:StatusCode Value="urn:oasis:names:tc:SAML:2.0:status:Success"/>
    </ns0:Status>
    <ns1:Assertion ID="id-uLudMNUvfs0rsSeNi" IssueInstant="2021-01-15T19:24:09Z" Version="2.0">
        <ns1:Issuer Format="urn:oasis:names:tc:SAML:2.0:nameid-format:entity">urn:gov:gsa:SAML:2.0.profiles:sp:sso:test:entity</ns1:Issuer>
        <ns2:Signature Id="Signature2">
            <ns2:SignedInfo>
                <ns2:CanonicalizationMethod Algorithm="http://www.w3.org/2001/10/xml-exc-c14n#"/>
                <ns2:SignatureMethod Algorithm="http://www.w3.org/2001/04/xmldsig-more#rsa-sha256"/>
                <ns2:Reference URI="#id-uLudMNUvfs0rsSeNi">
                    <ns2:Transforms>
                        <ns2:Transform Algorithm="http://www.w3.org/2000/09/xmldsig#enveloped-signature"/>
                        <ns2:Transform Algorithm="http://www.w3.org/2001/10/xml-exc-c14n#"/>
                    </ns2:Transforms>
                    <ns2:DigestMethod Algorithm="http://www.w3.org/2001/04/xmlenc#sha256"/>
                    <ns2:DigestValue>Erin1+5ucRiA+ynqqwB/B0nhjErrQQh7RGlacJcd3iI=</ns2:DigestValue>
                </ns2:Reference>
            </ns2:SignedInfo>
            <ns2:SignatureValue>ZHDgqCVUFXZ6V9LCMks1T1YhqV51OxUYgzCMkV2spmOgdllGKzaTgE6YgNK3p3uC bCnoIE+YdznubyLUUMA12Fa4nDoINfGMEUYWPhJUca1z6ReWVS0ovCkwgvNqcuCv 9in7/OsgMfSBTWXFlehZxvlayzM6naR02ZY4CA/ZbNk=</ns2:SignatureValue>
            <ns2:KeyInfo>
                <ns2:X509Data>
                    <ns2:X509Certificate>MIICQTCCAaoCAQEwDQYJKoZIhvcNAQELBQAwaTELMAkGA1UEBhMCc2UxCzAJBgNVBAgMAmFjMQ0wCwYDVQQHDAR1bWVhMRgwFgYDVQQKDA9UZXN0IFVuaXZlcnNpdHkxDTALBgNVBAsMBERlY2ExFTATBgNVBAMMDGxvY2FsaG9zdC5jYTAeFw0yMTAxMTUxOTI0MDlaFw0yMTAxMTUxOTI0MTBaMGkxCzAJBgNVBAYTAnNlMQswCQYDVQQIDAJhYzENMAsGA1UEBwwEdW1lYTEYMBYGA1UECgwPVGVzdCBVbml2ZXJzaXR5MQ0wCwYDVQQLDAREZWNhMRUwEwYDVQQDDAxsb2NhbGhvc3QuY2EwgZ8wDQYJKoZIhvcNAQEBBQADgY0AMIGJAoGBAJhQJRLBZHIqdd410PIpZ6FR52+Qwp6HPN+PTGw2z0+QAAA4prKgO36DiJLdnooBxYKGjGU3SMQ+KmWoTW+5ryd31Nv0q1H0QhtIig7FEGJEHsm+Qwvy879deF8JbmwapO7Fso9xHQPdmb/MY9QSsm6qAQKsB28HXH1OEsdLgwi3AgMBAAEwDQYJKoZIhvcNAQELBQADgYEABPb1Lnn5/B7EvXX1svM+MukIA37h0zGFUvKBugnNeWla1YE2ktlX0ZHo72rHefjzCD7QxCOTVur6+DhkcmHf8BEWbdaWjqQOviO41PKR8t1fqbg6LbpxxCsGqHtzV6wllj8lEKoU5I9n0DTG8YPQi7I+e1EFdpi9WuRgbk28KFc=</ns2:X509Certificate>
                </ns2:X509Data>
            </ns2:KeyInfo>
        </ns2:Signature>
        <ns1:Subject>
            <ns1:NameID Format="urn:oasis:names:tc:SAML:2.0:nameid-format:transient" NameQualifier="" SPNameQualifier="id12">4bac270a2a532bd69e390a1ce3a347056235b9c87f8cfdeac011bc7da0b2a101</ns1:NameID>
            <ns1:SubjectConfirmation Method="urn:oasis:names:tc:SAML:2.0:cm:bearer">
                <ns1:SubjectConfirmationData InResponseTo="id12" NotOnOrAfter="2021-01-15T20:24:09Z" Recipient="http://test.ckan.net/acs"/>
            </ns1:SubjectConfirmation>
        </ns1:Subject>
        <ns1:Conditions NotBefore="2021-01-15T19:24:09Z" NotOnOrAfter="2021-01-15T20:24:09Z">
            <ns1:AudienceRestriction>
                <ns1:Audience>urn:gov:gsa:SAML:2.0.profiles:sp:sso:test:entity</ns1:Audience>
            </ns1:AudienceRestriction>
        </ns1:Conditions>
        <ns1:AuthnStatement AuthnInstant="2021-01-15T19:24:09Z" SessionIndex="id-6FCmMMvez3RRzAJEn">
            <ns1:AuthnContext>
                <ns1:AuthnContextClassRef>urn:oasis:names:tc:SAML:2.0:ac:classes:InternetProtocolPassword</ns1:AuthnContextClassRef>
                <ns1:AuthenticatingAuthority>http://www.example.com/login</ns1:AuthenticatingAuthority>
            </ns1:AuthnContext>
        </ns1:AuthnStatement>
        <ns1:AttributeStatement>
            <ns1:Attribute FriendlyName="eduPersonAffiliation" Name="urn:oid:1.3.6.1.4.1.5923.1.1.1.1" NameFormat="urn:oasis:names:tc:SAML:2.0:attrname-format:uri">
                <ns1:AttributeValue xmlns:xs="http://www.w3.org/2001/XMLSchema" xsi:type="xs:string">staff</ns1:AttributeValue>
                <ns1:AttributeValue xmlns:xs="http://www.w3.org/2001/XMLSchema" xsi:type="xs:string">member</ns1:AttributeValue>
            </ns1:Attribute>
            <ns1:Attribute FriendlyName="givenName" Name="urn:oid:2.5.4.42" NameFormat="urn:oasis:names:tc:SAML:2.0:attrname-format:uri">
                <ns1:AttributeValue xmlns:xs="http://www.w3.org/2001/XMLSchema" xsi:type="xs:string">Derek</ns1:AttributeValue>
            </ns1:Attribute>
            <ns1:Attribute Name="surName" NameFormat="urn:oasis:names:tc:SAML:2.0:attrname-format:uri">
                <ns1:AttributeValue xmlns:xs="http://www.w3.org/2001/XMLSchema" xsi:type="xs:string">Jeter</ns1:AttributeValue>
            </ns1:Attribute>
            <ns1:Attribute FriendlyName="email" Name="urn:oid:1.2.840.113549.1.9.1.1" NameFormat="urn:oasis:names:tc:SAML:2.0:attrname-format:uri">
                <ns1:AttributeValue xmlns:xs="http://www.w3.org/2001/XMLSchema" xsi:type="xs:string">foo@gmail.com</ns1:AttributeValue>
            </ns1:Attribute>
            <ns1:Attribute FriendlyName="title" Name="urn:oid:2.5.4.12" NameFormat="urn:oasis:names:tc:SAML:2.0:attrname-format:uri">
                <ns1:AttributeValue xmlns:xs="http://www.w3.org/2001/XMLSchema" xsi:type="xs:string">shortstop</ns1:AttributeValue>
            </ns1:Attribute>
        </ns1:AttributeStatement>
    </ns1:Assertion>
</ns0:Response>
